2016-01-27 22:42:04 [org.mybatis.generator.internal.db.DatabaseIntrospector]-[DEBUG]:46 - Retrieving column information for table "customer"
2016-01-27 22:42:04 [org.mybatis.generator.internal.db.DatabaseIntrospector]-[DEBUG]:46 - Found column "id", data type 4, in table "spring..customer"
2016-01-27 22:42:04 [org.mybatis.generator.internal.db.DatabaseIntrospector]-[DEBUG]:46 - Found column "name", data type 12, in table "spring..customer"
2016-01-27 22:42:04 [org.mybatis.generator.internal.db.DatabaseIntrospector]-[DEBUG]:46 - Found column "address", data type 12, in table "spring..customer"
2016-01-27 22:42:04 [org.mybatis.generator.internal.db.DatabaseIntrospector]-[DEBUG]:46 - Found column "sex", data type 12, in table "spring..customer"
2016-01-27 22:42:04 [org.mybatis.generator.internal.db.DatabaseIntrospector]-[DEBUG]:46 - Found column "birthdy", data type 91, in table "spring..customer"
2016-01-27 22:42:04 [org.mybatis.generator.internal.db.DatabaseIntrospector]-[DEBUG]:46 - Found column "phone", data type 12, in table "spring..customer"
2016-01-27 22:42:04 [org.mybatis.generator.internal.db.DatabaseIntrospector]-[DEBUG]:46 - Retrieving column information for table "orders"
2016-01-27 22:42:04 [org.mybatis.generator.internal.db.DatabaseIntrospector]-[DEBUG]:46 - Found column "id", data type 4, in table "spring..orders"
2016-01-27 22:42:04 [org.mybatis.generator.internal.db.DatabaseIntrospector]-[DEBUG]:46 - Found column "user_id", data type 12, in table "spring..orders"
2016-01-27 22:42:04 [org.mybatis.generator.internal.db.DatabaseIntrospector]-[DEBUG]:46 - Found column "order_id", data type 12, in table "spring..orders"
2016-01-27 22:42:04 [org.mybatis.generator.internal.db.DatabaseIntrospector]-[DEBUG]:46 - Found column "sell_date", data type 91, in table "spring..orders"
2016-01-27 22:42:04 [org.mybatis.generator.internal.db.DatabaseIntrospector]-[DEBUG]:46 - Found column "note", data type 12, in table "spring..orders"
2016-01-27 22:42:04 [org.mybatis.generator.internal.db.DatabaseIntrospector]-[DEBUG]:46 - Retrieving column information for table "order_detail"
2016-01-27 22:42:04 [org.mybatis.generator.internal.db.DatabaseIntrospector]-[DEBUG]:46 - Found column "id", data type 4, in table "spring..order_detail"
2016-01-27 22:42:04 [org.mybatis.generator.internal.db.DatabaseIntrospector]-[DEBUG]:46 - Found column "order_id", data type 4, in table "spring..order_detail"
2016-01-27 22:42:04 [org.mybatis.generator.internal.db.DatabaseIntrospector]-[DEBUG]:46 - Found column "items_id", data type 4, in table "spring..order_detail"
2016-01-27 22:42:04 [org.mybatis.generator.internal.db.DatabaseIntrospector]-[DEBUG]:46 - Found column "items_num", data type 4, in table "spring..order_detail"
2016-01-27 22:42:04 [org.mybatis.generator.internal.db.DatabaseIntrospector]-[DEBUG]:46 - Retrieving column information for table "items"
2016-01-27 22:42:04 [org.mybatis.generator.internal.db.DatabaseIntrospector]-[DEBUG]:46 - Found column "id", data type 4, in table "spring..items"
2016-01-27 22:42:04 [org.mybatis.generator.internal.db.DatabaseIntrospector]-[DEBUG]:46 - Found column "name", data type 12, in table "spring..items"
2016-01-27 22:42:04 [org.mybatis.generator.internal.db.DatabaseIntrospector]-[DEBUG]:46 - Found column "price", data type 7, in table "spring..items"
2016-01-27 22:42:04 [org.mybatis.generator.internal.db.DatabaseIntrospector]-[DEBUG]:46 - Found column "detail", data type 12, in table "spring..items"
2016-01-27 22:42:04 [org.mybatis.generator.internal.db.DatabaseIntrospector]-[DEBUG]:46 - Found column "pic", data type 12, in table "spring..items"
2016-01-27 22:42:04 [org.mybatis.generator.internal.db.DatabaseIntrospector]-[DEBUG]:46 - Found column "createdate", data type 91, in table "spring..items"
